<?xml version="1.0" encoding="UTF-8"?>
<coverage generated="1705759006299" clover="3.2.0">
  <project timestamp="1705759006299" name="All files">
    <metrics statements="59" coveredstatements="51" conditionals="37" coveredconditionals="27" methods="11" coveredmethods="10" elements="107" coveredelements="88" complexity="0" loc="59" ncloc="59" packages="1" files="2" classes="2"/>
    <file name="index.ts" path="/Users/zzrzhou/Documents/personal/template-parser/src/index.ts">
      <metrics statements="44" coveredstatements="36" conditionals="31" coveredconditionals="21" methods="7" coveredmethods="6"/>
      <line num="4" count="1" type="stmt"/>
      <line num="5" count="1" type="stmt"/>
      <line num="12" count="7" type="cond" truecount="2" falsecount="0"/>
      <line num="13" count="2" type="stmt"/>
      <line num="15" count="5" type="stmt"/>
      <line num="16" count="5" type="stmt"/>
      <line num="17" count="17" type="stmt"/>
      <line num="18" count="17" type="cond" truecount="2" falsecount="0"/>
      <line num="19" count="15" type="stmt"/>
      <line num="20" count="2" type="cond" truecount="2" falsecount="0"/>
      <line num="21" count="1" type="stmt"/>
      <line num="22" count="1" type="stmt"/>
      <line num="23" count="1" type="cond" truecount="1" falsecount="1"/>
      <line num="24" count="2" type="stmt"/>
      <line num="25" count="1" type="stmt"/>
      <line num="26" count="1" type="cond" truecount="1" falsecount="1"/>
      <line num="27" count="0" type="stmt"/>
      <line num="29" count="1" type="stmt"/>
      <line num="31" count="1" type="cond" truecount="2" falsecount="2"/>
      <line num="32" count="1" type="stmt"/>
      <line num="33" count="0" type="cond" truecount="0" falsecount="2"/>
      <line num="34" count="0" type="stmt"/>
      <line num="35" count="0" type="cond" truecount="0" falsecount="2"/>
      <line num="36" count="0" type="stmt"/>
      <line num="39" count="5" type="stmt"/>
      <line num="42" count="1" type="stmt"/>
      <line num="44" count="17" type="cond" truecount="3" falsecount="1"/>
      <line num="47" count="17" type="stmt"/>
      <line num="48" count="16" type="stmt"/>
      <line num="49" count="16" type="cond" truecount="2" falsecount="0"/>
      <line num="50" count="1" type="stmt"/>
      <line num="54" count="15" type="stmt"/>
      <line num="55" count="15" type="stmt"/>
      <line num="57" count="0" type="stmt"/>
      <line num="58" count="0" type="stmt"/>
      <line num="61" count="15" type="cond" truecount="2" falsecount="0"/>
      <line num="62" count="13" type="stmt"/>
      <line num="64" count="2" type="stmt"/>
      <line num="67" count="3" type="stmt"/>
      <line num="70" count="1" type="stmt"/>
      <line num="71" count="15" type="stmt"/>
      <line num="73" count="15" type="cond" truecount="3" falsecount="1"/>
      <line num="74" count="0" type="stmt"/>
      <line num="77" count="15" type="stmt"/>
    </file>
    <file name="sandbox.ts" path="/Users/zzrzhou/Documents/personal/template-parser/src/sandbox.ts">
      <metrics statements="15" coveredstatements="15" conditionals="6" coveredconditionals="6" methods="4" coveredmethods="4"/>
      <line num="1" count="1" type="stmt"/>
      <line num="3" count="15" type="cond" truecount="4" falsecount="0"/>
      <line num="4" count="15" type="stmt"/>
      <line num="6" count="15" type="stmt"/>
      <line num="7" count="15" type="stmt"/>
      <line num="8" count="15" type="stmt"/>
      <line num="10" count="15" type="stmt"/>
      <line num="14" count="1" type="stmt"/>
      <line num="16" count="17" type="cond" truecount="2" falsecount="0"/>
      <line num="18" count="15" type="stmt"/>
      <line num="21" count="2" type="stmt"/>
      <line num="25" count="1" type="stmt"/>
      <line num="26" count="15" type="stmt"/>
      <line num="28" count="15" type="stmt"/>
      <line num="29" count="15" type="stmt"/>
    </file>
  </project>
</coverage>
