TN:
SF:src/index.ts
FN:5,(anonymous_0)
FN:13,(anonymous_1)
FN:16,(anonymous_2)
FN:24,(anonymous_3)
FN:34,(anonymous_4)
FN:42,(anonymous_5)
FN:70,(anonymous_6)
FNF:7
FNH:6
FNDA:7,(anonymous_0)
FNDA:1,(anonymous_1)
FNDA:17,(anonymous_2)
FNDA:2,(anonymous_3)
FNDA:0,(anonymous_4)
FNDA:17,(anonymous_5)
FNDA:15,(anonymous_6)
DA:4,1
DA:5,1
DA:12,7
DA:13,2
DA:15,5
DA:16,5
DA:17,17
DA:18,17
DA:19,15
DA:20,2
DA:21,1
DA:22,1
DA:23,1
DA:24,2
DA:25,1
DA:26,1
DA:27,0
DA:29,1
DA:31,1
DA:32,1
DA:33,0
DA:34,0
DA:35,0
DA:36,0
DA:39,5
DA:42,1
DA:44,17
DA:47,17
DA:48,16
DA:49,16
DA:50,1
DA:54,15
DA:55,15
DA:57,0
DA:58,0
DA:61,15
DA:62,13
DA:64,2
DA:67,3
DA:70,1
DA:71,15
DA:73,15
DA:74,0
DA:77,15
LF:44
LH:36
BRDA:10,0,0,3
BRDA:12,1,0,2
BRDA:12,1,1,5
BRDA:18,2,0,15
BRDA:18,2,1,2
BRDA:20,3,0,1
BRDA:20,3,1,1
BRDA:23,4,0,1
BRDA:23,4,1,0
BRDA:26,5,0,0
BRDA:26,5,1,1
BRDA:31,6,0,1
BRDA:31,6,1,0
BRDA:31,7,0,1
BRDA:31,7,1,0
BRDA:33,8,0,0
BRDA:33,8,1,0
BRDA:35,9,0,0
BRDA:35,9,1,0
BRDA:44,10,0,17
BRDA:44,10,1,15
BRDA:44,11,0,15
BRDA:44,11,1,0
BRDA:49,12,0,1
BRDA:49,12,1,15
BRDA:61,13,0,13
BRDA:61,13,1,2
BRDA:73,14,0,0
BRDA:73,14,1,15
BRDA:73,15,0,15
BRDA:73,15,1,1
BRF:31
BRH:21
end_of_record
TN:
SF:src/sandbox.ts
FN:1,(anonymous_0)
FN:7,(anonymous_1)
FN:14,(anonymous_2)
FN:25,(anonymous_3)
FNF:4
FNH:4
FNDA:15,(anonymous_0)
FNDA:15,(anonymous_1)
FNDA:17,(anonymous_2)
FNDA:15,(anonymous_3)
DA:1,1
DA:3,15
DA:4,15
DA:6,15
DA:7,15
DA:8,15
DA:10,15
DA:14,1
DA:16,17
DA:18,15
DA:21,2
DA:25,1
DA:26,15
DA:28,15
DA:29,15
LF:15
LH:15
BRDA:3,0,0,3
BRDA:3,0,1,12
BRDA:3,1,0,15
BRDA:3,1,1,4
BRDA:16,2,0,15
BRDA:16,2,1,2
BRF:6
BRH:6
end_of_record
